<?xml version="1.0" encoding="UTF-8"?>
<!-- Generated by org.testng.reporters.JUnitReportReporter -->
<testsuite hostname="Mypc" name="testNG.BasicAnnotations" tests="3" failures="0" timestamp="14 Nov 2016 03:43:28 GMT" time="0.050" errors="0">
  <testcase name="a" time="0.014" classname="testNG.BasicAnnotations"/>
  <testcase name="function1" time="0.018" classname="testNG.BasicAnnotations"/>
  <testcase name="function2" time="0.018" classname="testNG.BasicAnnotations"/>
</testsuite> <!-- testNG.BasicAnnotations -->
