<?xml version="1.0" encoding="UTF-8"?>
<!-- Generated by org.testng.reporters.JUnitReportReporter -->
<testsuite hostname="Mypc" name="testNG.LoginTC" tests="1" failures="0" timestamp="14 Nov 2016 04:00:12 GMT" time="13.333" errors="0">
  <testcase name="login" time="13.333" classname="testNG.LoginTC"/>
</testsuite> <!-- testNG.LoginTC -->
