<?xml version="1.0" encoding="UTF-8"?>
<!-- Generated by org.testng.reporters.JUnitReportReporter -->
<testsuite hostname="Mypc" name="Keyword.Hybrid" tests="1" failures="0" timestamp="16 Nov 2016 04:05:03 GMT" time="61.387" errors="0">
  <testcase name="driver" time="61.387" classname="Keyword.Hybrid"/>
</testsuite> <!-- Keyword.Hybrid -->
