<?xml version="1.0" encoding="UTF-8"?>
<!-- Generated by org.testng.reporters.JUnitReportReporter -->
<testsuite hostname="Mypc" name="testNG.EmregTest" tests="1" failures="0" timestamp="15 Nov 2016 03:36:32 GMT" time="6.503" errors="0">
  <testcase name="org_Empreg" time="6.503" classname="testNG.EmregTest"/>
</testsuite> <!-- testNG.EmregTest -->
