<?xml version="1.0" encoding="UTF-8"?>
<!-- Generated by org.testng.reporters.JUnitReportReporter -->
<testsuite hostname="Mypc" name="Keyword.KeywordDriverScript" tests="1" failures="0" timestamp="16 Nov 2016 03:55:30 GMT" time="90.183" errors="0">
  <testcase name="driver" time="90.183" classname="Keyword.KeywordDriverScript"/>
</testsuite> <!-- Keyword.KeywordDriverScript -->
