<?xml version="1.0" encoding="UTF-8"?>
<!-- Generated by org.testng.reporters.JUnitReportReporter -->
<testsuite hostname="Mypc" name="grid.GridEg1" tests="2" failures="0" timestamp="17 Nov 2016 03:55:33 GMT" time="66.534" errors="0">
  <testcase name="grid" time="41.259" classname="grid.GridEg1"/>
  <testcase name="grid" time="25.275" classname="grid.GridEg1"/>
</testsuite> <!-- grid.GridEg1 -->
