<?xml version="1.0" encoding="UTF-8"?>
<!-- Generated by org.testng.reporters.JUnitReportReporter -->
<testsuite hostname="Mypc" name="pom.LoginTC" tests="1" failures="0" timestamp="15 Nov 2016 04:02:05 GMT" time="27.621" errors="0">
  <testcase name="login" time="27.621" classname="pom.LoginTC"/>
</testsuite> <!-- pom.LoginTC -->
